Solid Edge Translation To 3MF
Date: Sunday,July 25,2021 12:56PM
Output File: C:\Users\Leonardo Pedroso\Documents\cad-quadruple-tank\3d-printing-parts\3mf\body_diverting.3mf
Author: Unknown
Organization: Unknown
Source System: SOLID EDGE

Hardware:
Processor: Intel(R) Core(TM) i5-5250U CPU @ 1.60GHz
Operating System: Windows 10
Installed Memory: 3.9 GB

Software Information:
Parasolid Version: 32.1.222
PSBodyshop Version: 32.1.94
3MF Adapter Version:5.0.48
Solid Edge Version: 221.00.00.114 x64

3MF Export Options
Export Construction Solids:Off
Export Displayed Parts:Off
Enable Logging:On
AllowInvalid3mfObjects:Off
Export Flatten Assembly:On
Export Units:Millimeters
Export Tolerance Value:1.250000
Export Tolerance Type:Custom
Export Surface Plane Angle Value:0.523599
Export Author:Unknown
Export Description:Unknown
Export Organization:Unknown
Export Program Name:Unknown

Translation progress:
Phase 1 of 1 Translating Parasolid to foreign data types...
Translation process completed
Time required to translate:00 : 00 : 01
